<?xml version="1.0" encoding="UTF-8"?>
<!-- Generated by org.testng.reporters.JUnitReportReporter -->
<testsuite hostname="DESKTOP-ACEQNIB" failures="0" tests="2" name="testCases.UpdateAccount" time="5.694" errors="0" timestamp="15 Oct 2024 23:07:27 GMT" skipped="0">
  <testcase classname="testCases.UpdateAccount" name="updateAccount" time="3.894"/>
  <testcase classname="testCases.UpdateAccount" name="readOneProduct" time="1.800"/>
</testsuite> <!-- testCases.UpdateAccount -->
