<?xml version="1.0" encoding="UTF-8"?>
<!-- Generated by org.testng.reporters.JUnitReportReporter -->
<testsuite hostname="DESKTOP-ACEQNIB" failures="0" tests="1" name="testCases.Authentication" time="2.706" errors="0" timestamp="15 Oct 2024 23:04:21 GMT" skipped="0">
  <testcase classname="testCases.Authentication" name="generateBearer" time="2.706"/>
</testsuite> <!-- testCases.Authentication -->
