<?xml version="1.0" encoding="UTF-8"?>
<!-- Generated by org.testng.reporters.JUnitReportReporter -->
<testsuite hostname="DESKTOP-ACEQNIB" failures="0" tests="3" name="testCases.CreateAnAccount" time="6.653" errors="0" timestamp="15 Oct 2024 23:06:39 GMT" skipped="0">
  <testcase classname="testCases.CreateAnAccount" name="createAnAccount" time="3.520"/>
  <testcase classname="testCases.CreateAnAccount" name="readAllProducts" time="1.321"/>
  <testcase classname="testCases.CreateAnAccount" name="readOneProduct" time="1.812"/>
</testsuite> <!-- testCases.CreateAnAccount -->
