<?xml version="1.0" encoding="UTF-8"?>
<!-- Generated by org.testng.reporters.JUnitReportReporter -->
<testsuite hostname="DESKTOP-ACEQNIB" failures="0" tests="2" name="testCases.ReadAllProducts" time="4.109" errors="0" timestamp="15 Oct 2024 23:04:58 GMT" skipped="0">
  <testcase classname="testCases.ReadAllProducts" name="generateBearer" time="2.749"/>
  <testcase classname="testCases.ReadAllProducts" name="readAllProducts" time="1.360"/>
</testsuite> <!-- testCases.ReadAllProducts -->
