<?xml version="1.0" encoding="UTF-8"?>
<!-- Generated by org.testng.reporters.JUnitReportReporter -->
<testsuite hostname="DESKTOP-ACEQNIB" failures="0" tests="2" name="testCases.DeleteAccount" time="5.409" errors="0" timestamp="15 Oct 2024 23:03:02 GMT" skipped="0">
  <testcase classname="testCases.DeleteAccount" name="deleteAccount" time="3.667"/>
  <testcase classname="testCases.DeleteAccount" name="readOneProduct" time="1.742"/>
</testsuite> <!-- testCases.DeleteAccount -->
