<?xml version="1.0" encoding="UTF-8"?>
<!-- Generated by org.testng.reporters.JUnitReportReporter -->
<testsuite hostname="DESKTOP-ACEQNIB" failures="0" tests="1" name="testCases.ReadOneProduct" time="4.136" errors="0" timestamp="15 Oct 2024 23:06:05 GMT" skipped="0">
  <testcase classname="testCases.ReadOneProduct" name="readOneProduct" time="4.136"/>
</testsuite> <!-- testCases.ReadOneProduct -->
